start inject shutdown
1698443543.72847
iotdb0
d29fb30acb7dff7de171c7b397bc7f3b75e70f001b59fea3822e4553e86a7389
end inject shutdown
1698443565.072653
start inject shutdown
1698443625.103773
iotdb0
b91a484dc48e9c24d7255092fd4fb685af767150636b2dd6df19a31a9cab85c1
end inject shutdown
1698443645.788731
start inject shutdown
1698443705.82671
iotdb0
ef2ebd4211ef2df264006cf95b892dc87dee897ca2eb55071a5282aee22777c4
end inject shutdown
1698443721.252733
start inject shutdown
1698443781.287614
iotdb0
be00ba751948fea52e4fa9cb17fe630b9e3446e3025702af864072e90f55a344
end inject shutdown
1698443796.809002
start inject shutdown
1698443856.833641
iotdb0
1869979985f45340bbd9e12ee866d87dfe3b4abed058e60fdbdf1cb32e2320bb
end inject shutdown
1698443875.543702
start inject shutdown
1698443935.571824
iotdb0
4f2aaa713a1d510eef2dda5e5c3eeed99fc72ef05d77dfc9cc19286a32f47649
end inject shutdown
1698443950.56603
start inject shutdown
1698444010.601077
iotdb0
e814b679f6ea1c488d025e1daa464900f722f63699b804b5944eadd3579074a9
end inject shutdown
1698444024.399003
start inject shutdown
1698444084.433516
iotdb0
e3547137816b1b570db79d5be46f9a0eed9cb902701c0102ffde0cc5dc76e33b
end inject shutdown
1698444106.524187
start inject shutdown
1698444166.555941
iotdb0
2e294d89aa6ad0a67e381c9767268649149477b584fc665b2594bd6ce0bb6457
end inject shutdown
1698444185.922381
start inject shutdown
1698444245.955244
iotdb0
d23faf73c70a99642107d00f5300798b29676aa06cb80a4d1084cdd1b0e7ca74
end inject shutdown
1698444262.171388
start inject shutdown
1698444322.208397
iotdb0
bf4029e688f14290548b650029979e6312bcb14c45dea68ca322f04bc5a16b3a
end inject shutdown
1698444340.502802
start inject shutdown
1698444400.536061
iotdb0
c6426a8a0ba137bc73c246882921c2210284bec5c96b011d79365fef579e3938
end inject shutdown
1698444419.154594
start inject shutdown
1698444479.188353
iotdb0
4428c070112fbd5ae0902a424e81b69e801e7d5a73d4bfbeceef85ca3663f686
end inject shutdown
1698444498.176594
start inject shutdown
1698444558.217989
iotdb0
b9d1b9d77b2cf595b4b43598f9b5bbe51f6c4a363650f8c49488e07dae4d8639
end inject shutdown
1698444581.550457
start inject shutdown
1698444641.582022
iotdb0
fc69153dcb4d0e5c8afec037ad1ce21bb4989618accb79834d39889c5378e42c
end inject shutdown
1698444665.036932
start inject shutdown
1698444725.063037
iotdb0
9f1a55920f12bfddaee5d0c3ecaa2f156fc0fee82dc44480dd12f334e20617f0
end inject shutdown
1698444742.664711
start inject shutdown
1698444802.699938
iotdb0
be50d5bd01d71fa38144ab469b69ccd139f10d0b5a346936f3f570f918ca6964
end inject shutdown
1698444823.098539
start inject shutdown
1698444883.183033
iotdb0
493e051df18d6ead23e35063cba271624fea425e26059f8473fe4a54595b6a2e
end inject shutdown
1698444905.348327
start inject shutdown
1698444965.38395
iotdb0
e46efdc64eb033a7560978586a04b8c25c2e30852aaffc37b7229a726cdb0cb9
end inject shutdown
1698444980.517062
start inject shutdown
1698445040.554745
iotdb0
7c353fa5319de759d6bdd89861709e0e4c0c68a27095613de29b341d6b2f7019
end inject shutdown
1698445055.846903
